<?xml version="1.0" encoding="UTF-8"?>
<!-- Generated by org.testng.reporters.JUnitReportReporter -->
<testsuite skipped="0" hostname="MSI" name="scripts.AddingCourseToCart" tests="1" failures="0" timestamp="2021-09-28T08:54:16 IST" time="12.688" errors="0">
  <testcase name="course" time="12.688" classname="scripts.AddingCourseToCart"/>
  <system-out/>
</testsuite> <!-- scripts.AddingCourseToCart -->
