<?xml version="1.0" encoding="UTF-8"?>
<!-- Generated by org.testng.reporters.JUnitReportReporter -->
<testsuite skipped="0" hostname="MSI" name="scripts.TwitterShare" tests="1" failures="0" timestamp="2021-09-27T09:05:21 IST" time="17.216" errors="0">
  <testcase name="tc3" time="17.216" classname="scripts.TwitterShare"/>
  <system-out/>
</testsuite> <!-- scripts.TwitterShare -->
