<?xml version="1.0" encoding="UTF-8"?>
<!-- Generated by org.testng.reporters.JUnitReportReporter -->
<testsuite skipped="0" hostname="MSI" name="scripts.FacebookLikeBtn" tests="1" failures="0" timestamp="2021-09-27T09:05:21 IST" time="13.927" errors="0">
  <testcase name="fbLike" time="13.927" classname="scripts.FacebookLikeBtn"/>
  <system-out/>
</testsuite> <!-- scripts.FacebookLikeBtn -->
